<?xml version="1.0" encoding="UTF-8"?>
<testsuite name="JunitTestCase" tests="9" skipped="0" failures="0" errors="0" timestamp="2021-04-10T12:02:22" hostname="babbur-mi-notebook" time="0.064">
  <properties/>
  <testcase name="floats_TestCase1()" classname="JunitTestCase" time="0.048"/>
  <testcase name="floats_TestCase2()" classname="JunitTestCase" time="0.001"/>
  <testcase name="floats_TestCase3()" classname="JunitTestCase" time="0.001"/>
  <testcase name="ints_TestCase1()" classname="JunitTestCase" time="0.002"/>
  <testcase name="ints_TestCase2()" classname="JunitTestCase" time="0.001"/>
  <testcase name="ints_TestCase3()" classname="JunitTestCase" time="0.001"/>
  <testcase name="strings_TestCase1()" classname="JunitTestCase" time="0.001"/>
  <testcase name="strings_TestCase2()" classname="JunitTestCase" time="0.001"/>
  <testcase name="strings_TestCase3()" classname="JunitTestCase" time="0.001"/>
  <system-out><![CDATA[10.2
20.2
20.2
10
10
10
Banana
Banana
Banana
]]></system-out>
  <system-err><![CDATA[]]></system-err>
</testsuite>
