<?xml version="1.0" encoding="UTF-8"?>
<testsuite name="JunitTestCase" tests="1" skipped="0" failures="0" errors="0" timestamp="2021-04-09T14:35:47" hostname="babbur-mi-notebook" time="0.017">
  <properties/>
  <testcase name="strings_TestCase3()" classname="JunitTestCase" time="0.017"/>
  <system-out><![CDATA[]]></system-out>
  <system-err><![CDATA[]]></system-err>
</testsuite>
