<?xml version="1.0" encoding="UTF-8"?>
<testsuite name="JunitTestCase" tests="3" skipped="0" failures="0" errors="0" timestamp="2021-04-09T14:14:21" hostname="babbur-mi-notebook" time="0.018">
  <properties/>
  <testcase name="intArray_TestCase1()" classname="JunitTestCase" time="0.015"/>
  <testcase name="intArray_TestCase2()" classname="JunitTestCase" time="0.001"/>
  <testcase name="intArray_TestCase3()" classname="JunitTestCase" time="0.0"/>
  <system-out><![CDATA[]]></system-out>
  <system-err><![CDATA[]]></system-err>
</testsuite>
